2026-01-16 14:28:53,126 - INFO - --- SCANNER STARTING... READY FOR INPUT ---
2026-01-16 14:29:35,956 - INFO - --- SCANNER STARTING... READY FOR INPUT ---
2026-01-16 14:29:35,975 - ERROR - Camera source lost!
2026-01-16 14:29:36,010 - INFO - --- SCANNER CLOSED ---
2026-01-16 14:31:50,481 - INFO - --- SCANNER STARTING... READY FOR INPUT ---
2026-01-16 14:31:50,497 - ERROR - Camera source lost!
2026-01-16 14:31:50,519 - INFO - --- SCANNER CLOSED ---
2026-01-16 14:33:37,080 - INFO - --- SCAN DETECTED: SISWA-1-6969e2164d12c ---
2026-01-16 14:33:37,170 - INFO - User Found: siswa 1 [siswa]
2026-01-16 14:33:37,175 - INFO - Inserting to DB: User=10, Status=terlambat...
2026-01-16 14:33:37,190 - INFO - Result: SUCCESS (terlambat)
2026-01-16 14:33:40,002 - INFO - --- SYSTEM UNLOCKED - READY ---
2026-01-16 14:34:36,310 - INFO - --- SCAN DETECTED: SISWA-1-6969e2164d12c ---
2026-01-16 14:34:36,316 - INFO - User Found: siswa 1 [siswa]
2026-01-16 14:34:36,317 - INFO - Inserting to DB: User=10, Status=terlambat...
2026-01-16 14:34:36,319 - INFO - Result: SUCCESS (terlambat)
2026-01-16 14:34:39,265 - INFO - --- SYSTEM UNLOCKED - READY ---
2026-01-16 14:35:13,321 - INFO - --- SCAN DETECTED: SISWA-1-6969e2164d12c ---
2026-01-16 14:35:13,324 - INFO - User Found: siswa 1 [siswa]
2026-01-16 14:35:13,337 - INFO - Inserting to DB: User=10, Status=terlambat...
2026-01-16 14:35:13,339 - INFO - Result: SUCCESS (terlambat)
2026-01-16 14:35:16,272 - INFO - --- SYSTEM UNLOCKED - READY ---
