2026-01-16 11:21:14,743 - INFO - Processing QR: 'SISWA-1-6969a9da1a5f9'
2026-01-16 11:21:14,780 - INFO - Searching in tb_siswa...
2026-01-16 11:21:14,781 - INFO - User Found: siswa 1 (siswa)
2026-01-16 11:21:14,781 - INFO - User already present today.
2026-01-16 11:21:16,807 - INFO - Processing QR: 'SISWA-1-6969a9da1a5f9'
2026-01-16 11:21:16,809 - INFO - Searching in tb_siswa...
2026-01-16 11:21:16,809 - INFO - User Found: siswa 1 (siswa)
2026-01-16 11:21:16,810 - INFO - User already present today.
2026-01-16 11:21:38,872 - INFO - Processing QR: 'SISWA-2-6969a9e99f13b'
2026-01-16 11:21:38,873 - INFO - Searching in tb_siswa...
2026-01-16 11:21:38,875 - INFO - User Found: siswa 2 (siswa)
2026-01-16 11:21:38,876 - INFO - Inserting attendance... Status: terlambat
2026-01-16 11:21:38,879 - INFO - Insert Success! Row Count: 1
2026-01-16 11:21:38,879 - INFO - Insert Success!
2026-01-16 11:24:18,036 - INFO - Processing QR: 'SISWA-2-6969a9e99f13b'
2026-01-16 11:24:18,076 - INFO - Searching in tb_siswa...
2026-01-16 11:24:18,077 - INFO - User Found: siswa 2 (siswa)
2026-01-16 11:24:18,078 - INFO - Status TERLAMBAT detected (Cutoff 7:00)
2026-01-16 11:24:18,078 - INFO - Inserting attendance... Status: terlambat
2026-01-16 11:24:18,081 - INFO - Insert Success! Row Count: 1
2026-01-16 11:24:18,081 - INFO - Insert Success!
2026-01-16 11:26:59,465 - INFO - Starting Modern UI Scanner...
2026-01-16 11:27:03,623 - INFO - Starting Modern UI Scanner...
2026-01-16 11:28:36,229 - INFO - Starting Modern UI Scanner...
2026-01-16 11:29:37,403 - INFO - Starting Modern UI Scanner...
2026-01-16 11:30:46,173 - INFO - Starting Modern UI Scanner...
2026-01-16 11:31:13,781 - INFO - Starting Modern UI Scanner...
2026-01-16 11:38:56,092 - INFO - Starting Modern UI Scanner...
2026-01-16 11:39:01,904 - INFO - Processing QR: 'SISWA-2-6969a9e99f13b'
2026-01-16 11:39:02,023 - INFO - Searching in tb_siswa...
2026-01-16 11:39:02,032 - INFO - User Found: siswa 2 (siswa)
2026-01-16 11:39:02,036 - INFO - Status TERLAMBAT detected (Cutoff 7:00)
2026-01-16 11:39:02,037 - INFO - Inserting attendance... Status: terlambat
2026-01-16 11:39:02,045 - INFO - Insert Success! Row Count: 1
2026-01-16 11:39:02,046 - INFO - Insert Success!
2026-01-16 11:39:13,710 - INFO - Starting Modern UI Scanner...
2026-01-16 11:39:23,596 - INFO - Starting Modern UI Scanner...
2026-01-16 12:44:43,033 - INFO - Starting Modern UI Scanner...
2026-01-16 12:44:43,035 - INFO - Starting Modern UI Scanner...
2026-01-16 12:44:46,684 - INFO - Starting Modern UI Scanner...
2026-01-16 13:45:33,339 - INFO - Starting Modern UI Scanner...
2026-01-16 13:45:36,454 - INFO - Starting Modern UI Scanner...
2026-01-16 13:45:37,942 - INFO - Processing QR: 'SISWA-1-6969a9da1a5f9'
2026-01-16 13:45:37,981 - INFO - Searching in tb_siswa...
2026-01-16 13:45:37,983 - INFO - User Found: siswa 1 (siswa)
2026-01-16 13:45:37,987 - INFO - Status TERLAMBAT detected (Cutoff 7:00)
2026-01-16 13:45:37,987 - INFO - Inserting attendance... Status: terlambat
2026-01-16 13:45:37,991 - INFO - Insert Success! Row Count: 1
2026-01-16 13:45:37,991 - INFO - Insert Success!
